<?xml version="1.0" encoding="UTF-8"?>
<!-- Generated by org.testng.reporters.JUnitReportReporter -->
<testsuite hostname="MBP-MWXF9VR9QG" failures="0" tests="1" name="OrangeHRMTest" time="26.948" errors="0" timestamp="2025-04-20T17:52:52 IST" skipped="0">
  <testcase classname="OrangeHRMTest" name="verifyAddingCandidate" time="26.948"/>
</testsuite> <!-- OrangeHRMTest -->
